<?xml version="1.0" encoding="UTF-8"?>
<!-- Generated by org.testng.reporters.JUnitReportReporter -->
<testsuite hostname="DESKTOP-C73AE7J" failures="0" tests="1" name="capstone.insurancetesting.AppTest" time="0.006" errors="0" timestamp="28 Nov 2023 01:13:24 GMT">
  <testcase classname="capstone.insurancetesting.AppTest" name="testApp" time="0.006"/>
</testsuite> <!-- capstone.insurancetesting.AppTest -->
