<?xml version="1.0" encoding="UTF-8"?>
<!-- Generated by org.testng.reporters.JUnitReportReporter -->
<testsuite hostname="DESKTOP-C73AE7J" failures="0" tests="1" name="capstone.insurancetesting.AppTest" time="0.007" errors="0" timestamp="2 Dec 2023 07:13:38 GMT">
  <testcase classname="capstone.insurancetesting.AppTest" name="testApp" time="0.007"/>
</testsuite> <!-- capstone.insurancetesting.AppTest -->
